<?xml version="1.0" encoding="UTF-8"?>
<!-- Generated by org.testng.reporters.JUnitReportReporter -->
<testsuite skipped="0" hostname="PU-Z0048" name="TestClasses.FlightBookingTest" tests="1" failures="0" timestamp="23 Aug 2019 06:29:29 GMT" time="13.749" errors="0">
  <testcase name="FlightBooking" time="13.749" classname="TestClasses.FlightBookingTest"/>
</testsuite> <!-- TestClasses.FlightBookingTest -->
